DEBUG: PISI API initialized
Outputting packages in the working directory.
[35mPİSİ kaynak paketi kmetabar inşa ediliyor
[0mKaynak desktop.kde bileşeninin parçası
Kaynak indiriliyor: http://www.kde-apps.org/content/files/28725-kmetabar-0.2-beta2.tar.bz2
28725-kmetabar-0.2-beta2.tar.bz2 [önbellekte]
Kaynak arşivi saklandı:  /var/cache/pisi/archives/28725-kmetabar-0.2-beta2.tar.bz2
Arşiv açılıyor... açıldı (/var/tmp/pisi/kmetabar-0.2_beta2-1/work)
[32mKaynak kuruluyor
[0mDEBUG: configure: WARNING: If you wanted to set the --build type, don't use --host.
DEBUG:     If a cross compiler is detected then cross compile mode will be used.
DEBUG: checking build system type... i686-pc-linux-gnu
DEBUG: checking host system type... i686-pc-linux-gnu
DEBUG: checking target system type... i686-pc-linux-gnu
DEBUG: checking for a BSD-compatible install... /usr/bin/install -c
DEBUG: checking for -p flag to install... yes
DEBUG: checking whether build environment is sane... yes
DEBUG: checking for gawk... gawk
DEBUG: checking whether make sets $(MAKE)... yes
DEBUG: checking for i686-pc-linux-gnu-strip... i686-pc-linux-gnu-strip
DEBUG: checking for style of include used by make... GNU
DEBUG: checking for i686-pc-linux-gnu-gcc... i686-pc-linux-gnu-gcc
DEBUG: checking for C compiler default output file name... a.out
DEBUG: checking whether the C compiler works... yes
DEBUG: checking whether we are cross compiling... no
DEBUG: checking for suffix of executables... 
DEBUG: checking for suffix of object files... o
DEBUG: checking whether we are using the GNU C compiler... yes
DEBUG: checking whether i686-pc-linux-gnu-gcc accepts -g... yes
DEBUG: checking for i686-pc-linux-gnu-gcc option to accept ANSI C... none needed
DEBUG: checking dependency style of i686-pc-linux-gnu-gcc... none
DEBUG: checking how to run the C preprocessor... i686-pc-linux-gnu-gcc -E
DEBUG: checking for i686-pc-linux-gnu-g++... i686-pc-linux-gnu-g++
DEBUG: checking whether we are using the GNU C++ compiler... yes
DEBUG: checking whether i686-pc-linux-gnu-g++ accepts -g... yes
DEBUG: checking dependency style of i686-pc-linux-gnu-g++... none
DEBUG: checking whether i686-pc-linux-gnu-g++ supports -Wmissing-format-attribute... yes
DEBUG: checking whether i686-pc-linux-gnu-g++ supports -Wundef... yes
DEBUG: checking whether i686-pc-linux-gnu-g++ supports -Wno-long-long... yes
DEBUG: checking whether i686-pc-linux-gnu-g++ supports -Wnon-virtual-dtor... yes
DEBUG: checking whether i686-pc-linux-gnu-g++ supports -fno-exceptions... yes
DEBUG: checking whether i686-pc-linux-gnu-g++ supports -fno-check-new... yes
DEBUG: checking whether i686-pc-linux-gnu-g++ supports -fno-common... yes
DEBUG: checking whether i686-pc-linux-gnu-g++ supports -fexceptions... yes
DEBUG: checking how to run the C++ preprocessor... i686-pc-linux-gnu-g++ -E
DEBUG: checking whether i686-pc-linux-gnu-g++ supports -O0... yes
DEBUG: checking whether i686-pc-linux-gnu-g++ supports -Wl,--no-undefined... yes
DEBUG: checking whether i686-pc-linux-gnu-g++ supports -Wl,--allow-shlib-undefined... yes
DEBUG: not using lib directory suffix
DEBUG: checking for a sed that does not truncate output... /usr/bin/sed
DEBUG: checking for egrep... grep -E
DEBUG: checking for ld used by i686-pc-linux-gnu-gcc... /usr/bin/ld
DEBUG: checking if the linker (/usr/bin/ld) is GNU ld... yes
DEBUG: checking for /usr/bin/ld option to reload object files... -r
DEBUG: checking for BSD-compatible nm... /usr/bin/i686-pc-linux-gnu-nm -B
DEBUG: checking whether ln -s works... yes
DEBUG: checking how to recognise dependent libraries... pass_all
DEBUG: checking for ANSI C header files... yes
DEBUG: checking for sys/types.h... yes
DEBUG: checking for sys/stat.h... yes
DEBUG: checking for stdlib.h... yes
DEBUG: checking for string.h... yes
DEBUG: checking for memory.h... yes
DEBUG: checking for strings.h... yes
DEBUG: checking for inttypes.h... yes
DEBUG: checking for stdint.h... yes
DEBUG: checking for unistd.h... yes
DEBUG: checking dlfcn.h usability... yes
DEBUG: checking dlfcn.h presence... yes
DEBUG: checking for dlfcn.h... yes
DEBUG: checking for i686-pc-linux-gnu-g77... i686-pc-linux-gnu-g77
DEBUG: checking whether we are using the GNU Fortran 77 compiler... yes
DEBUG: checking whether i686-pc-linux-gnu-g77 accepts -g... yes
DEBUG: checking the maximum length of command line arguments... 32768
DEBUG: checking command to parse /usr/bin/i686-pc-linux-gnu-nm -B output from i686-pc-linux-gnu-gcc object... ok
DEBUG: checking for objdir... .libs
DEBUG: checking for i686-pc-linux-gnu-ar... i686-pc-linux-gnu-ar
DEBUG: checking for i686-pc-linux-gnu-ranlib... i686-pc-linux-gnu-ranlib
DEBUG: checking for i686-pc-linux-gnu-strip... (cached) i686-pc-linux-gnu-strip
DEBUG: checking if i686-pc-linux-gnu-gcc static flag  works... yes
DEBUG: checking if i686-pc-linux-gnu-gcc supports -fno-rtti -fno-exceptions... no
DEBUG: checking for i686-pc-linux-gnu-gcc option to produce PIC... -fPIC
DEBUG: checking if i686-pc-linux-gnu-gcc PIC flag -fPIC works... yes
DEBUG: checking if i686-pc-linux-gnu-gcc supports -c -o file.o... yes
DEBUG: checking whether the i686-pc-linux-gnu-gcc linker (/usr/bin/ld) supports shared libraries... yes
DEBUG: checking whether -lc should be explicitly linked in... no
DEBUG: checking dynamic linker characteristics... GNU/Linux ld.so
DEBUG: checking how to hardcode library paths into programs... immediate
DEBUG: checking whether stripping libraries is possible... yes
DEBUG: checking for shl_load... no
DEBUG: checking for shl_load in -ldld... no
DEBUG: checking for dlopen... no
DEBUG: checking for dlopen in -ldl... yes
DEBUG: checking whether a program can dlopen itself... yes
DEBUG: checking whether a statically linked program can dlopen itself... yes
DEBUG: checking if libtool supports shared libraries... yes
DEBUG: checking whether to build shared libraries... yes
DEBUG: checking whether to build static libraries... no
DEBUG: configure: creating libtool
DEBUG: appending configuration tag "CXX" to libtool
DEBUG: checking for ld used by i686-pc-linux-gnu-g++... /usr/bin/ld
DEBUG: checking if the linker (/usr/bin/ld) is GNU ld... yes
DEBUG: checking whether the i686-pc-linux-gnu-g++ linker (/usr/bin/ld) supports shared libraries... yes
DEBUG: checking for i686-pc-linux-gnu-g++ option to produce PIC... -fPIC
DEBUG: checking if i686-pc-linux-gnu-g++ PIC flag -fPIC works... yes
DEBUG: checking if i686-pc-linux-gnu-g++ supports -c -o file.o... yes
DEBUG: checking whether the i686-pc-linux-gnu-g++ linker (/usr/bin/ld) supports shared libraries... yes
DEBUG: checking dynamic linker characteristics... GNU/Linux ld.so
DEBUG: checking how to hardcode library paths into programs... immediate
DEBUG: checking whether stripping libraries is possible... yes
DEBUG: checking for shl_load... (cached) no
DEBUG: checking for shl_load in -ldld... (cached) no
DEBUG: checking for dlopen... (cached) no
DEBUG: checking for dlopen in -ldl... (cached) yes
DEBUG: checking whether a program can dlopen itself... (cached) yes
DEBUG: checking whether a statically linked program can dlopen itself... (cached) yes
DEBUG: appending configuration tag "F77" to libtool
DEBUG: checking if libtool supports shared libraries... yes
DEBUG: checking whether to build shared libraries... yes
DEBUG: checking whether to build static libraries... no
DEBUG: checking for i686-pc-linux-gnu-g77 option to produce PIC... -fPIC
DEBUG: checking if i686-pc-linux-gnu-g77 PIC flag -fPIC works... yes
DEBUG: checking if i686-pc-linux-gnu-g77 supports -c -o file.o... yes
DEBUG: checking whether the i686-pc-linux-gnu-g77 linker (/usr/bin/ld) supports shared libraries... yes
DEBUG: checking dynamic linker characteristics... GNU/Linux ld.so
DEBUG: checking how to hardcode library paths into programs... immediate
DEBUG: checking whether stripping libraries is possible... yes
DEBUG: checking for msgfmt... /usr/bin/msgfmt
DEBUG: checking for gmsgfmt... /usr/bin/gmsgfmt
DEBUG: checking for xgettext... /usr/bin/xgettext
DEBUG: checking if C++ programs can be compiled... yes
DEBUG: checking for strlcat... no
DEBUG: checking if strlcat needs custom prototype... yes - in libkdefakes
DEBUG: checking for strlcpy... no
DEBUG: checking if strlcpy needs custom prototype... yes - in libkdefakes
DEBUG: checking for main in -lutil... yes
DEBUG: checking for main in -lcompat... no
DEBUG: checking for crypt in -lcrypt... yes
DEBUG: checking for socklen_t... socklen_t
DEBUG: checking for dnet_ntoa in -ldnet... no
DEBUG: checking for dnet_ntoa in -ldnet_stub... no
DEBUG: checking for inet_ntoa... yes
DEBUG: checking for connect... yes
DEBUG: checking for remove... yes
DEBUG: checking for shmat... yes
DEBUG: checking for sys/types.h... (cached) yes
DEBUG: checking for stdint.h... (cached) yes
DEBUG: checking for poll in -lpoll... no
DEBUG: checking CoreAudio/CoreAudio.h usability... no
DEBUG: checking CoreAudio/CoreAudio.h presence... no
DEBUG: checking for CoreAudio/CoreAudio.h... no
DEBUG: checking if res_init needs -lresolv... yes
DEBUG: checking if res_init is available... yes
DEBUG: checking for killpg in -lucb... no
DEBUG: checking for int... yes
DEBUG: checking size of int... 4
DEBUG: checking for short... yes
DEBUG: checking size of short... 2
DEBUG: checking for long... yes
DEBUG: checking size of long... 4
DEBUG: checking for char *... yes
DEBUG: checking size of char *... 4
DEBUG: checking for dlopen in -ldl... (cached) yes
DEBUG: checking for shl_unload in -ldld... no
DEBUG: checking for size_t... yes
DEBUG: checking size of size_t... 4
DEBUG: checking for unsigned long... yes
DEBUG: checking size of unsigned long... 4
DEBUG: checking sizeof size_t == sizeof unsigned long... yes
DEBUG: checking crt_externs.h usability... no
DEBUG: checking crt_externs.h presence... no
DEBUG: checking for crt_externs.h... no
DEBUG: checking for _NSGetEnviron... no
DEBUG: checking for vsnprintf... yes
DEBUG: checking for snprintf... yes
DEBUG: checking for X... libraries /usr/lib, headers .
DEBUG: checking for IceConnectionNumber in -lICE... yes
DEBUG: checking for libXext... yes
DEBUG: checking for pthread_create in -lpthread... yes
DEBUG: checking for extra includes... no
DEBUG: checking for extra libs... no
DEBUG: checking for libz... -lz
DEBUG: checking for libpng... -lpng -lz -lm
DEBUG: checking for libjpeg6b... no
DEBUG: checking for libjpeg... -ljpeg
DEBUG: checking for perl... /usr/bin/perl
DEBUG: checking for Qt... libraries /usr/qt/3/lib/, headers /usr/qt/3/include using -mt
DEBUG: checking for moc... /usr/qt/3/bin/moc
DEBUG: checking for uic... /usr/qt/3/bin/uic
DEBUG: checking whether uic supports -L ... yes
DEBUG: checking whether uic supports -nounload ... yes
DEBUG: checking if Qt needs -ljpeg... no
DEBUG: checking for rpath... yes
DEBUG: checking for KDE... libraries /usr/kde/3.5/lib, headers /usr/kde/3.5/include
DEBUG: checking if UIC has KDE plugins available... yes
DEBUG: checking for KDE paths... defaults
DEBUG: checking for dcopidl... /usr/kde/3.5/bin/dcopidl
DEBUG: checking for dcopidl2cpp... /usr/kde/3.5/bin/dcopidl2cpp
DEBUG: checking for mcopidl... /usr/kde/3.5/bin/mcopidl
DEBUG: checking for artsc-config... /usr/kde/3.5/bin/artsc-config
DEBUG: checking for kde-config... /usr/kde/3.5/bin/kde-config
DEBUG: checking for meinproc... /usr/kde/3.5/bin/meinproc
DEBUG: checking for kconfig_compiler... /usr/kde/3.5/bin/kconfig_compiler
DEBUG: checking for dcopidlng... /usr/kde/3.5/bin/dcopidlng
DEBUG: checking for xmllint... /usr/bin/xmllint
DEBUG: checking whether byte ordering is bigendian... no
DEBUG: checking for MAXPATHLEN... 4096
DEBUG: checking if doc should be compiled... yes
DEBUG: checking if po should be compiled... yes
DEBUG: checking if src should be compiled... yes
DEBUG: configure: creating ./config.status
DEBUG: fast creating Makefile
DEBUG: fast creating doc/Makefile
DEBUG: fast creating doc/en/Makefile
DEBUG: fast creating po/Makefile
DEBUG: fast creating src/Makefile
DEBUG: config.pl: fast created 5 file(s).
DEBUG: config.status: creating config.h
DEBUG: config.status: executing depfiles commands
DEBUG: 
DEBUG: Good - your configure finished. Start make now
DEBUG: 
DEBUG: dönüş değeri 0
[32mKaynak inşa ediliyor...
[0mDEBUG: make  all-recursive
DEBUG: make[1]: Entering directory `/var/tmp/pisi/kmetabar-0.2_beta2-1/work/kmetabar-0.2-beta2/kmetabar'
DEBUG: Making all in doc
DEBUG: make[2]: Entering directory `/var/tmp/pisi/kmetabar-0.2_beta2-1/work/kmetabar-0.2-beta2/kmetabar/doc'
DEBUG: Making all in .
DEBUG: make[3]: Entering directory `/var/tmp/pisi/kmetabar-0.2_beta2-1/work/kmetabar-0.2-beta2/kmetabar/doc'
DEBUG: make[3]: `all-am' için hiçbir şey yapılmadı.
DEBUG: make[3]: Leaving directory `/var/tmp/pisi/kmetabar-0.2_beta2-1/work/kmetabar-0.2-beta2/kmetabar/doc'
DEBUG: Making all in en
DEBUG: make[3]: Entering directory `/var/tmp/pisi/kmetabar-0.2_beta2-1/work/kmetabar-0.2-beta2/kmetabar/doc/en'
DEBUG: /usr/kde/3.5/bin/meinproc --check --cache index.cache.bz2 ./index.docbook
DEBUG: meinproc: WARNING: KLocale: trying to look up "" in catalog. Fix the program
DEBUG: make[3]: Leaving directory `/var/tmp/pisi/kmetabar-0.2_beta2-1/work/kmetabar-0.2-beta2/kmetabar/doc/en'
DEBUG: make[2]: Leaving directory `/var/tmp/pisi/kmetabar-0.2_beta2-1/work/kmetabar-0.2-beta2/kmetabar/doc'
DEBUG: Making all in po
DEBUG: make[2]: Entering directory `/var/tmp/pisi/kmetabar-0.2_beta2-1/work/kmetabar-0.2-beta2/kmetabar/po'
DEBUG: make[2]: `all' için hiçbir şey yapılmadı.
DEBUG: make[2]: Leaving directory `/var/tmp/pisi/kmetabar-0.2_beta2-1/work/kmetabar-0.2-beta2/kmetabar/po'
DEBUG: Making all in src
DEBUG: make[2]: Entering directory `/var/tmp/pisi/kmetabar-0.2_beta2-1/work/kmetabar-0.2-beta2/kmetabar/src'
DEBUG: /usr/qt/3/bin/moc ./kmetabar.h -o kmetabar.moc
DEBUG: /bin/sh ../libtool --silent --tag=CXX --mode=compile i686-pc-linux-gnu-g++ -DHAVE_CONFIG_H -I. -I. -I.. -I/usr/kde/3.5/include -I/usr/qt/3/include -I.  -I/usr/kde/3.5/include/arts   -DQT_THREAD_SUPPORT  -D_REENTRANT  -Wnon-virtual-dtor -Wno-long-long -Wundef -Wall -W -Wpointer-arith -Wwrite-strings -ansi -D_XOPEN_SOURCE=500 -D_BSD_SOURCE -Wcast-align -Wconversion -Wchar-subscripts -DNDEBUG -DNO_DEBUG -O2 -mtune=i686 -O2 -pipe -fomit-frame-pointer -Wformat-security -Wmissing-format-attribute -fno-exceptions -fno-check-new -fno-common  -c -o kmetabar.lo kmetabar.cpp
DEBUG: /usr/qt/3/bin/moc ./kmetabar_widget.h -o kmetabar_widget.moc
DEBUG: /bin/sh ../libtool --silent --tag=CXX --mode=compile i686-pc-linux-gnu-g++ -DHAVE_CONFIG_H -I. -I. -I.. -I/usr/kde/3.5/include -I/usr/qt/3/include -I.  -I/usr/kde/3.5/include/arts   -DQT_THREAD_SUPPORT  -D_REENTRANT  -Wnon-virtual-dtor -Wno-long-long -Wundef -Wall -W -Wpointer-arith -Wwrite-strings -ansi -D_XOPEN_SOURCE=500 -D_BSD_SOURCE -Wcast-align -Wconversion -Wchar-subscripts -DNDEBUG -DNO_DEBUG -O2 -mtune=i686 -O2 -pipe -fomit-frame-pointer -Wformat-security -Wmissing-format-attribute -fno-exceptions -fno-check-new -fno-common  -c -o kmetabar_widget.lo kmetabar_widget.cpp
DEBUG: kmetabar_widget.cpp: In constructor `MetabarWidget::MetabarWidget(QWidget*, const char*)':
DEBUG: kmetabar_widget.cpp:144: error: no matching function for call to `KURLLabel::setSizePolicy(QSizePolicy::SizeType, QSizePolicy::SizeType)'
DEBUG: /usr/kde/3.5/include/kurllabel.h:169: note: candidates are: virtual void KURLLabel::setSizePolicy(QSizePolicy)
DEBUG: kmetabar_widget.cpp:179: error: no matching function for call to `KURLLabel::setSizePolicy(QSizePolicy::SizeType, QSizePolicy::SizeType)'
DEBUG: /usr/kde/3.5/include/kurllabel.h:169: note: candidates are: virtual void KURLLabel::setSizePolicy(QSizePolicy)
DEBUG: kmetabar_widget.cpp:186: error: no matching function for call to `KURLLabel::setSizePolicy(QSizePolicy::SizeType, QSizePolicy::SizeType)'
DEBUG: /usr/kde/3.5/include/kurllabel.h:169: note: candidates are: virtual void KURLLabel::setSizePolicy(QSizePolicy)
DEBUG: kmetabar_widget.cpp:193: error: no matching function for call to `KURLLabel::setSizePolicy(QSizePolicy::SizeType, QSizePolicy::SizeType)'
DEBUG: /usr/kde/3.5/include/kurllabel.h:169: note: candidates are: virtual void KURLLabel::setSizePolicy(QSizePolicy)
DEBUG: kmetabar_widget.cpp:200: error: no matching function for call to `KURLLabel::setSizePolicy(QSizePolicy::SizeType, QSizePolicy::SizeType)'
DEBUG: /usr/kde/3.5/include/kurllabel.h:169: note: candidates are: virtual void KURLLabel::setSizePolicy(QSizePolicy)
DEBUG: kmetabar_widget.cpp: In member function `void MetabarWidget::updateSingleInfo(const KFileItem&)':
DEBUG: kmetabar_widget.cpp:636: error: no matching function for call to `KURLLabel::setSizePolicy(QSizePolicy::SizeType, QSizePolicy::SizeType)'
DEBUG: /usr/kde/3.5/include/kurllabel.h:169: note: candidates are: virtual void KURLLabel::setSizePolicy(QSizePolicy)
DEBUG: kmetabar_widget.cpp: In member function `void MetabarWidget::loadActionList()':
DEBUG: kmetabar_widget.cpp:1804: error: no matching function for call to `KURLLabel::setSizePolicy(QSizePolicy::SizeType, QSizePolicy::SizeType)'
DEBUG: /usr/kde/3.5/include/kurllabel.h:169: note: candidates are: virtual void KURLLabel::setSizePolicy(QSizePolicy)
DEBUG: kmetabar_widget.cpp: In member function `void MetabarWidget::paintFrames(QFrame*)':
DEBUG: kmetabar_widget.cpp:1826: warning: passing `double' for converting 2 of `QPixmap::QPixmap(int, int, int, QPixmap::Optimization)'
DEBUG: kmetabar_widget.cpp:1827: warning: passing `double' for converting 2 of `QPixmap::QPixmap(int, int, int, QPixmap::Optimization)'
DEBUG: kmetabar_widget.cpp: At global scope:
DEBUG: kmetabar_widget.cpp:1180: warning: unused parameter 'url'
DEBUG: kmetabar_widget.cpp:1143: warning: unused parameter 'url'
DEBUG: kmetabar_widget.cpp:1125: warning: unused parameter 'url'
DEBUG: kmetabar_widget.cpp:1119: warning: unused parameter 'url'
DEBUG: make[2]: *** [kmetabar_widget.lo] Hata 1
DEBUG: dönüş değeri 2
Genel yardım için lütfen 'pisi help' komutunu kullanınız. 
Geri-iz:
DEBUG: PISI API finalized
